0 info it worked if it ends with ok
1 verbose cli [ 'node',
1 verbose cli   '/usr/local/bin/npm',
1 verbose cli   'install',
1 verbose cli   'grunt-build-control',
1 verbose cli   '--save-dev' ]
2 info using npm@1.4.9
3 info using node@v0.10.29
4 verbose node symlink /usr/local/bin/node
5 warn package.json restaurant@0.0.0 No description
6 warn package.json restaurant@0.0.0 No repository field.
7 warn package.json restaurant@0.0.0 No README data
8 verbose readDependencies using package.json deps
9 verbose cache add [ 'grunt-build-control', null ]
10 verbose cache add name=undefined spec="grunt-build-control" args=["grunt-build-control",null]
11 verbose parsed url { protocol: null,
11 verbose parsed url   slashes: null,
11 verbose parsed url   auth: null,
11 verbose parsed url   host: null,
11 verbose parsed url   port: null,
11 verbose parsed url   hostname: null,
11 verbose parsed url   hash: null,
11 verbose parsed url   search: null,
11 verbose parsed url   query: null,
11 verbose parsed url   pathname: 'grunt-build-control',
11 verbose parsed url   path: 'grunt-build-control',
11 verbose parsed url   href: 'grunt-build-control' }
12 silly lockFile 78a33528-grunt-build-control grunt-build-control
13 verbose lock grunt-build-control /Users/KhoaTran/.npm/78a33528-grunt-build-control.lock
14 silly lockFile 78a33528-grunt-build-control grunt-build-control
15 silly lockFile 78a33528-grunt-build-control grunt-build-control
16 verbose addNamed [ 'grunt-build-control', '' ]
17 verbose addNamed [ null, '*' ]
18 silly lockFile 6fa7dc02-grunt-build-control grunt-build-control@
19 verbose lock grunt-build-control@ /Users/KhoaTran/.npm/6fa7dc02-grunt-build-control.lock
20 silly addNameRange { name: 'grunt-build-control', range: '*', hasData: false }
21 silly addNameRange number 2 { name: 'grunt-build-control', range: '*', hasData: true }
22 silly addNameRange versions [ 'grunt-build-control',
22 silly addNameRange   [ '0.0.1', '0.1.0', '0.1.1', '0.1.2', '0.1.3' ] ]
23 verbose addNamed [ 'grunt-build-control', '0.1.3' ]
24 verbose addNamed [ '0.1.3', '0.1.3' ]
25 silly lockFile d1e180b5-grunt-build-control-0-1-3 grunt-build-control@0.1.3
26 verbose lock grunt-build-control@0.1.3 /Users/KhoaTran/.npm/d1e180b5-grunt-build-control-0-1-3.lock
27 silly lockFile d1e180b5-grunt-build-control-0-1-3 grunt-build-control@0.1.3
28 silly lockFile d1e180b5-grunt-build-control-0-1-3 grunt-build-control@0.1.3
29 silly lockFile 6fa7dc02-grunt-build-control grunt-build-control@
30 silly lockFile 6fa7dc02-grunt-build-control grunt-build-control@
31 silly resolved [ { name: 'grunt-build-control',
31 silly resolved     description: 'Automate version control tasks for your project\'s built code. Keep built code in sync with source code, maintain multiple branches of built code, commit with automatic messages, and push to remote repositories.',
31 silly resolved     version: '0.1.3',
31 silly resolved     homepage: 'https://github.com/robwierzbowski/grunt-build-control',
31 silly resolved     author:
31 silly resolved      { name: 'Rob Wierzbowski',
31 silly resolved        email: 'hello@robwierzbowski.com',
31 silly resolved        url: 'http://robwierzbowski' },
31 silly resolved     repository:
31 silly resolved      { type: 'git',
31 silly resolved        url: 'git://github.com/robwierzbowski/grunt-build-control.git' },
31 silly resolved     bugs: { url: 'https://github.com/robwierzbowski/grunt-build-control/issues' },
31 silly resolved     licenses: [ [Object] ],
31 silly resolved     main: 'Gruntfile.js',
31 silly resolved     engines: { node: '>= 0.10.0' },
31 silly resolved     scripts: { test: 'grunt test' },
31 silly resolved     dependencies: { shelljs: '~0.2.6' },
31 silly resolved     devDependencies:
31 silly resolved      { 'grunt-contrib-jshint': '~0.1.1',
31 silly resolved        'grunt-contrib-clean': '~0.4.0',
31 silly resolved        'grunt-contrib-nodeunit': '~0.1.2',
31 silly resolved        grunt: '~0.4.1' },
31 silly resolved     peerDependencies: { grunt: '~0.4.1' },
31 silly resolved     keywords: [ 'gruntplugin' ],
31 silly resolved     readme: '# grunt-build-control\n\n> Version control built code.\n\n### HELP WRITE TESTS FOR THIS TASK\n\nFor continued development, this library needs test coverage. If you like writing tests and like this Grunt task, please take a look at [issue #19](https://github.com/robwierzbowski/grunt-build-control/issues/19) and consider helping with a pull request. Any assistance is appreciated.\n\n## Getting started\n\nThis plugin requires [Grunt](http://gruntjs.com/) `~0.4.0` and [Git](http://git-scm.com/) `> 1.8`.\n\nIf you haven\'t used [Grunt](http://gruntjs.com/) before, be sure to check out the [Getting Started](http://gruntjs.com/getting-started) guide which explains how to create a [Gruntfile](http://gruntjs.com/sample-gruntfile) as well as install and use Grunt plugins. Once you\'re familiar with Grunt you can install the plugin with the command:\n\n```shell\nnpm install grunt-build-control --save-dev\n```\n\nAfter the plugin has been installed, load it in your Gruntfile with:\n\n```js\ngrunt.loadNpmTasks(\'grunt-build-control\');\n```\n\n## buildcontrol task\n\n_Run this task with the `grunt buildcontrol` command._\n\nAutomate version control tasks for your project\'s built code. \n\nKeep built code in sync with source code, maintain multiple branches of built code, commit with automatic messages, and push to remote repositories.\n\n### Setup\n\nYour project must have a compile or build process that outputs code to a subdirectory of the main project.\n\nAdd the build directory to the main project\'s .gitignore, and make sure the build process doesn\'t delete .git directories inside the build directory. If you\'re using a [Yeoman](http://yeoman.io) generator these steps are taken care of for you already.\n\n### Options\n\n#### dir\n\nType: `String`  \nDefault: `dist`  \n\nThe directory that contains your built code.\n\n#### branch\n\nType: `String`  \nDefault: `dist`  \n\nThe branch to commit to.\n\n#### remote\n\nType: `String`  \nDefault: `../`  \n\nThe remote to push to. Common examples include a distribution repository (Heroku or Scalr), your main project\'s remote (gh-pages branch on Github), or the local project repository itself (`../`).\n\n#### commit\n\nType: `Boolean`  \nDefault: `false`  \n\nCommits built code to `branch`. A new commit is only created if the built code has changed.\n\n#### tag\n\nType: `Boolean` or `String`  \nDefault: `false`  \n\nIf set to a string, adds its value as a lightweight git tag to the local built repo. Try loading your project\'s package.json as a variable and tagging with `pkg.version`.\n\n#### push\n\nType: `Boolean`  \nDefault: `false`  \n\nPushes `branch` to `remote`. If `tag` is set, pushes the specified tag as well.\n\n#### message\n\nType: `String`  \nDefault: `Built %sourceName% from commit %sourceCommit% on branch %sourceBranch%  `\n\nThe commit message to use when committing. It must be a safe commit message for the command line, with special characters and double quotes escaped.\n\nYou can use the following tokens to print information about the main project:\n\n- `%sourceName%`: The main project\'s name, read from package.json or the project directory\n- `%sourceBranch%`: The main project\'s current branch\n- `%sourceCommit%`: The main project\'s most recent commit\n\n#### connectCommits\n\nType: `Boolean`  \nDefault: `true`  \n\nMake sure that every commit on the built code branch matches a commit on the main project branch. If the main project\'s working directory has uncommitted changes, a commit task will throw an error.\n\n### Usage\n\nA common use of grunt-build-control is to commit and push built code to the GitHub pages branch of the main repository, or to the master branch of a git-based deployment server like Heroku. \n\n```js\n// Project configuration.\nvar pkg = require(\'./package.json\');\n\ngrunt.initConfig({\n\n  // Various Grunt tasks...\n\n  buildcontrol: {\n    options: {\n      dir: \'dist\',\n      commit: true,\n      push: true,\n      message: \'Built %sourceName% from commit %sourceCommit% on branch %sourceBranch%\'\n    },\n    pages: {\n      options: {\n        remote: \'git@github.com:example_user/example_webapp.git\',\n        branch: \'gh-pages\'\n      }\n    },\n    heroku: {\n      options: {\n        remote: \'git@heroku.com:example-heroku-webapp-1988.git\',\n        branch: \'master\',\n        tag: pkg.version\n      }\n    },\n    local: {\n      options: {\n        remote: \'../\',\n        branch: \'build\'\n      }\n    }\n  }\n});\n\ngrunt.registerTask(\'build\', [\n  // Collection of tasks that build code to the \'dist\' directory...\n]);\n```\n\nIn this example a user is working on a Yeoman-based web app, with their project\'s source code hosted at `git@github.com:example_user/example_webapp.git`. To deploy they first run `grunt build` to build a minified, optimized version of their app into the \'dist\' directory. \n\nRunning `grunt buildcontrol:pages` commits the built code to the gh-pages branch of the \'dist/.git\' repository and pushes to the gh-pages branch of `git@github.com:example_user/example_webapp.git`. \n\nRunning `grunt buildcontrol:heroku` will commit the built code to the master branch of the \'dist/.git\' repository, tag the latest commit in \'dist/.git\' with the value of `pkg.version` if the tag doesn\'t already exist, and push refs and tags to the master branch of `git@heroku.com:example-heroku-webapp-1988.git`.\n\nRunning `grunt buildcontrol:local` will commit the built code to the build branch of the \'dist/.git\' repository and push to the build branch of the local source code repository. The local project repository can then be synced with a remote.\n\n#### Working with .gitignores\n\nYou may wish to commit files or directories that are ignored globally or in the source repository (e.g., bower_compontents), or make file inclusion and exclusion the responsibility of the build process alone.\n\nIn order to scope gitignore rules to the build directory only, create a file named \'gitignore\' in your source directory: \n\n```shell\n# Unignore everything\n!**/*\n\n# Re-ignore things\n...your ignore rules here\n```\n\nThen copy it to the build directory during your build process as \'.gitignore\'.\n\n#### Notes\n\nGrunt-build-control deploys to git endpoints. If you want to deploy to a private server [this tutorial by @curtisblackwell ](http://curtisblackwell.com/blog/my-deploy-method-brings-most-of-the-boys-to-the-yard) is a good place to start.\n\n`buildcontrol` will add commits on top of the existing history of the remote branch if available.\n\n`buildcontrol` is a synchronous task, and fetches from your remote before each commit or push. Depending on the location of your remote, the size of commits, and network speed it can be a long running task.\n\nIt\'s best to run `buildcontrol` manually after your build process or as the last step in a build and deploy task.\n\nIf a git conflict occurs (usually because another user has force-pushed to the deployment server) delete the built code directory and run build and build control again.\n\nDon\'t check out built code branches while in the main project directory. Differences in untracked files will cause issues.\n\n<!-- \n## Todo:\n\n- replace as many porcelain commands as possible with plumbing.\n- describe or list similar projects with limitations?  \n  https://npmjs.org/package/grunt-github-pages  \n  https://npmjs.org/package/grunt-git-dist  \n  https://npmjs.org/package/grunt-git-selective-deploy  \n\n-->\n \n## Contribute\n\nPost bugs and feature requests to the [Github issue tracker](https://github.com/robwierzbowski/grunt-build-control/issues). In lieu of a formal styleguide, take care to maintain the existing coding style. Lint and test your code using [Grunt](https://github.com/gruntjs/grunt).\n\n## Release History\n\n- 2013-11-29 v0.1.2: Add defaults for all properties.\n- 2013-10-19 v0.1.1: Stable initial release.\n\n## License\n\n[MIT](http://en.wikipedia.org/wiki/MIT_License)\n\n\n\n[![Bitdeli Badge](https://d2weczhvl823v0.cloudfront.net/robwierzbowski/grunt-build-control/trend.png)](https://bitdeli.com/free "Bitdeli Badge")\n\n',
31 silly resolved     readmeFilename: 'README.md',
31 silly resolved     _id: 'grunt-build-control@0.1.3',
31 silly resolved     _shasum: 'fc735ea1597e7c9baf7dddde28cec9c7561b156c',
31 silly resolved     _from: 'grunt-build-control@',
31 silly resolved     _resolved: 'https://registry.npmjs.org/grunt-build-control/-/grunt-build-control-0.1.3.tgz' } ]
32 info install grunt-build-control@0.1.3 into /Users/KhoaTran/Desktop/restaurant
33 info installOne grunt-build-control@0.1.3
34 info /Users/KhoaTran/Desktop/restaurant/node_modules/grunt-build-control unbuild
35 info preuninstall grunt-build-control@0.1.3
36 info uninstall grunt-build-control@0.1.3
37 verbose true,/Users/KhoaTran/Desktop/restaurant/node_modules,/Users/KhoaTran/Desktop/restaurant/node_modules unbuild grunt-build-control@0.1.3
38 info postuninstall grunt-build-control@0.1.3
39 verbose tar unpack /Users/KhoaTran/.npm/grunt-build-control/0.1.3/package.tgz
40 silly lockFile 6b4624bc-node-modules-grunt-build-control tar:///Users/KhoaTran/Desktop/restaurant/node_modules/grunt-build-control
41 verbose lock tar:///Users/KhoaTran/Desktop/restaurant/node_modules/grunt-build-control /Users/KhoaTran/.npm/6b4624bc-node-modules-grunt-build-control.lock
42 silly lockFile a67027e0--build-control-0-1-3-package-tgz tar:///Users/KhoaTran/.npm/grunt-build-control/0.1.3/package.tgz
43 verbose lock tar:///Users/KhoaTran/.npm/grunt-build-control/0.1.3/package.tgz /Users/KhoaTran/.npm/a67027e0--build-control-0-1-3-package-tgz.lock
44 silly gunzTarPerm modes [ '755', '644' ]
45 silly gunzTarPerm extractEntry package.json
46 silly gunzTarPerm extractEntry .npmignore
47 silly gunzTarPerm extractEntry README.md
48 silly gunzTarPerm extractEntry LICENSE
49 silly gunzTarPerm extractEntry Gruntfile.js
50 silly gunzTarPerm extractEntry .jshintrc
51 silly gunzTarPerm extractEntry tasks/build_control.js
52 silly gunzTarPerm extractEntry test/build_control_test.js
53 silly gunzTarPerm extractEntry test/expected/custom_options
54 silly gunzTarPerm extractEntry test/expected/default_options
55 silly gunzTarPerm extractEntry test/fixtures/123
56 silly gunzTarPerm extractEntry test/fixtures/testing
57 silly lockFile 6b4624bc-node-modules-grunt-build-control tar:///Users/KhoaTran/Desktop/restaurant/node_modules/grunt-build-control
58 silly lockFile 6b4624bc-node-modules-grunt-build-control tar:///Users/KhoaTran/Desktop/restaurant/node_modules/grunt-build-control
59 silly lockFile a67027e0--build-control-0-1-3-package-tgz tar:///Users/KhoaTran/.npm/grunt-build-control/0.1.3/package.tgz
60 silly lockFile a67027e0--build-control-0-1-3-package-tgz tar:///Users/KhoaTran/.npm/grunt-build-control/0.1.3/package.tgz
61 info preinstall grunt-build-control@0.1.3
62 verbose readDependencies using package.json deps
63 verbose readDependencies using package.json deps
64 verbose cache add [ 'shelljs@~0.2.6', null ]
65 verbose cache add name=undefined spec="shelljs@~0.2.6" args=["shelljs@~0.2.6",null]
66 verbose parsed url { protocol: null,
66 verbose parsed url   slashes: null,
66 verbose parsed url   auth: null,
66 verbose parsed url   host: null,
66 verbose parsed url   port: null,
66 verbose parsed url   hostname: null,
66 verbose parsed url   hash: null,
66 verbose parsed url   search: null,
66 verbose parsed url   query: null,
66 verbose parsed url   pathname: 'shelljs@~0.2.6',
66 verbose parsed url   path: 'shelljs@~0.2.6',
66 verbose parsed url   href: 'shelljs@~0.2.6' }
67 verbose cache add name="shelljs" spec="~0.2.6" args=["shelljs","~0.2.6"]
68 verbose parsed url { protocol: null,
68 verbose parsed url   slashes: null,
68 verbose parsed url   auth: null,
68 verbose parsed url   host: null,
68 verbose parsed url   port: null,
68 verbose parsed url   hostname: null,
68 verbose parsed url   hash: null,
68 verbose parsed url   search: null,
68 verbose parsed url   query: null,
68 verbose parsed url   pathname: '~0.2.6',
68 verbose parsed url   path: '~0.2.6',
68 verbose parsed url   href: '~0.2.6' }
69 verbose addNamed [ 'shelljs', '~0.2.6' ]
70 verbose addNamed [ null, '>=0.2.6-0 <0.3.0-0' ]
71 silly lockFile 65411460-shelljs-0-2-6 shelljs@~0.2.6
72 verbose lock shelljs@~0.2.6 /Users/KhoaTran/.npm/65411460-shelljs-0-2-6.lock
73 silly addNameRange { name: 'shelljs', range: '>=0.2.6-0 <0.3.0-0', hasData: false }
74 silly addNameRange number 2 { name: 'shelljs', range: '>=0.2.6-0 <0.3.0-0', hasData: true }
75 silly addNameRange versions [ 'shelljs',
75 silly addNameRange   [ '0.0.1',
75 silly addNameRange     '0.0.2',
75 silly addNameRange     '0.0.3',
75 silly addNameRange     '0.0.4',
75 silly addNameRange     '0.0.5',
75 silly addNameRange     '0.0.6',
75 silly addNameRange     '0.0.7',
75 silly addNameRange     '0.0.8',
75 silly addNameRange     '0.0.9',
75 silly addNameRange     '0.1.0',
75 silly addNameRange     '0.1.1',
75 silly addNameRange     '0.1.2',
75 silly addNameRange     '0.1.3',
75 silly addNameRange     '0.1.4',
75 silly addNameRange     '0.2.0',
75 silly addNameRange     '0.2.1',
75 silly addNameRange     '0.2.2',
75 silly addNameRange     '0.2.3',
75 silly addNameRange     '0.2.4',
75 silly addNameRange     '0.2.5',
75 silly addNameRange     '0.2.6',
75 silly addNameRange     '0.3.0',
75 silly addNameRange     '0.0.1-alpha1',
75 silly addNameRange     '0.0.2-pre1',
75 silly addNameRange     '0.0.4-pre1',
75 silly addNameRange     '0.0.5-pre1',
75 silly addNameRange     '0.0.5-pre2',
75 silly addNameRange     '0.0.5-pre3',
75 silly addNameRange     '0.0.5-pre4',
75 silly addNameRange     '0.0.6-pre1',
75 silly addNameRange     '0.0.6-pre2' ] ]
76 verbose addNamed [ 'shelljs', '0.2.6' ]
77 verbose addNamed [ '0.2.6', '0.2.6' ]
78 silly lockFile 542b9617-shelljs-0-2-6 shelljs@0.2.6
79 verbose lock shelljs@0.2.6 /Users/KhoaTran/.npm/542b9617-shelljs-0-2-6.lock
80 silly lockFile 542b9617-shelljs-0-2-6 shelljs@0.2.6
81 silly lockFile 542b9617-shelljs-0-2-6 shelljs@0.2.6
82 silly lockFile 65411460-shelljs-0-2-6 shelljs@~0.2.6
83 silly lockFile 65411460-shelljs-0-2-6 shelljs@~0.2.6
84 silly resolved [ { name: 'shelljs',
84 silly resolved     version: '0.2.6',
84 silly resolved     author: { name: 'Artur Adib', email: 'aadib@mozilla.com' },
84 silly resolved     description: 'Portable Unix shell commands for Node.js',
84 silly resolved     keywords: [ 'unix', 'shell', 'makefile', 'make', 'jake', 'synchronous' ],
84 silly resolved     repository: { type: 'git', url: 'git://github.com/arturadib/shelljs.git' },
84 silly resolved     homepage: 'http://github.com/arturadib/shelljs',
84 silly resolved     main: './shell.js',
84 silly resolved     scripts: { test: 'node scripts/run-tests' },
84 silly resolved     bin: { shjs: './bin/shjs' },
84 silly resolved     dependencies: {},
84 silly resolved     devDependencies: { jshint: '~2.1.11' },
84 silly resolved     optionalDependencies: {},
84 silly resolved     engines: { node: '>=0.8.0' },
84 silly resolved     readme: '# ShellJS - Unix shell commands for Node.js [![Build Status](https://secure.travis-ci.org/arturadib/shelljs.png)](http://travis-ci.org/arturadib/shelljs)\n\nShellJS is a portable **(Windows/Linux/OS X)** implementation of Unix shell commands on top of the Node.js API. You can use it to eliminate your shell script\'s dependency on Unix while still keeping its familiar and powerful commands. You can also install it globally so you can run it from outside Node projects - say goodbye to those gnarly Bash scripts!\n\nThe project is [unit-tested](http://travis-ci.org/arturadib/shelljs) and battled-tested in projects like:\n\n+ [PDF.js](http://github.com/mozilla/pdf.js) - Firefox\'s next-gen PDF reader\n+ [Firebug](http://getfirebug.com/) - Firefox\'s infamous debugger\n+ [JSHint](http://jshint.com) - Most popular JavaScript linter\n+ [Zepto](http://zeptojs.com) - jQuery-compatible JavaScript library for modern browsers\n+ [Yeoman](http://yeoman.io/) - Web application stack and development tool\n+ [Deployd.com](http://deployd.com) - Open source PaaS for quick API backend generation\n\nand [many more](https://npmjs.org/browse/depended/shelljs).\n\n## Installing\n\nVia npm:\n\n```bash\n$ npm install [-g] shelljs\n```\n\nIf the global option `-g` is specified, the binary `shjs` will be installed. This makes it possible to\nrun ShellJS scripts much like any shell script from the command line, i.e. without requiring a `node_modules` folder:\n\n```bash\n$ shjs my_script\n```\n\nYou can also just copy `shell.js` into your project\'s directory, and `require()` accordingly.\n\n\n## Examples\n\n### JavaScript\n\n```javascript\nrequire(\'shelljs/global\');\n\nif (!which(\'git\')) {\n  echo(\'Sorry, this script requires git\');\n  exit(1);\n}\n\n// Copy files to release dir\nmkdir(\'-p\', \'out/Release\');\ncp(\'-R\', \'stuff/*\', \'out/Release\');\n\n// Replace macros in each .js file\ncd(\'lib\');\nls(\'*.js\').forEach(function(file) {\n  sed(\'-i\', \'BUILD_VERSION\', \'v0.1.2\', file);\n  sed(\'-i\', /.*REMOVE_THIS_LINE.*\\n/, \'\', file);\n  sed(\'-i\', /.*REPLACE_LINE_WITH_MACRO.*\\n/, cat(\'macro.js\'), file);\n});\ncd(\'..\');\n\n// Run external tool synchronously\nif (exec(\'git commit -am "Auto-commit"\').code !== 0) {\n  echo(\'Error: Git commit failed\');\n  exit(1);\n}\n```\n\n### CoffeeScript\n\n```coffeescript\nrequire \'shelljs/global\'\n\nif not which \'git\'\n  echo \'Sorry, this script requires git\'\n  exit 1\n\n# Copy files to release dir\nmkdir \'-p\', \'out/Release\'\ncp \'-R\', \'stuff/*\', \'out/Release\'\n\n# Replace macros in each .js file\ncd \'lib\'\nfor file in ls \'*.js\'\n  sed \'-i\', \'BUILD_VERSION\', \'v0.1.2\', file\n  sed \'-i\', /.*REMOVE_THIS_LINE.*\\n/, \'\', file\n  sed \'-i\', /.*REPLACE_LINE_WITH_MACRO.*\\n/, cat \'macro.js\', file\ncd \'..\'\n\n# Run external tool synchronously\nif (exec \'git commit -am "Auto-commit"\').code != 0\n  echo \'Error: Git commit failed\'\n  exit 1\n```\n\n## Global vs. Local\n\nThe example above uses the convenience script `shelljs/global` to reduce verbosity. If polluting your global namespace is not desirable, simply require `shelljs`.\n\nExample:\n\n```javascript\nvar shell = require(\'shelljs\');\nshell.echo(\'hello world\');\n```\n\n## Make tool\n\nA convenience script `shelljs/make` is also provided to mimic the behavior of a Unix Makefile. In this case all shell objects are global, and command line arguments will cause the script to execute only the corresponding function in the global `target` object. To avoid redundant calls, target functions are executed only once per script.\n\nExample (CoffeeScript):\n\n```coffeescript\nrequire \'shelljs/make\'\n\ntarget.all = ->\n  target.bundle()\n  target.docs()\n\ntarget.bundle = ->\n  cd __dirname\n  mkdir \'build\'\n  cd \'lib\'\n  (cat \'*.js\').to \'../build/output.js\'\n\ntarget.docs = ->\n  cd __dirname\n  mkdir \'docs\'\n  cd \'lib\'\n  for file in ls \'*.js\'\n    text = grep \'//@\', file     # extract special comments\n    text.replace \'//@\', \'\'      # remove comment tags\n    text.to \'docs/my_docs.md\'\n```\n\nTo run the target `all`, call the above script without arguments: `$ node make`. To run the target `docs`: `$ node make docs`, and so on.\n\n\n\n<!-- \n\n  DO NOT MODIFY BEYOND THIS POINT - IT\'S AUTOMATICALLY GENERATED\n\n-->\n\n\n## Command reference\n\n\nAll commands run synchronously, unless otherwise stated.\n\n\n### cd(\'dir\')\nChanges to directory `dir` for the duration of the script\n\n\n### pwd()\nReturns the current directory.\n\n\n### ls([options ,] path [,path ...])\n### ls([options ,] path_array)\nAvailable options:\n\n+ `-R`: recursive\n+ `-A`: all files (include files beginning with `.`, except for `.` and `..`)\n\nExamples:\n\n```javascript\nls(\'projs/*.js\');\nls(\'-R\', \'/users/me\', \'/tmp\');\nls(\'-R\', [\'/users/me\', \'/tmp\']); // same as above\n```\n\nReturns array of files in the given path, or in current directory if no path provided.\n\n\n### find(path [,path ...])\n### find(path_array)\nExamples:\n\n```javascript\nfind(\'src\', \'lib\');\nfind([\'src\', \'lib\']); // same as above\nfind(\'.\').filter(function(file) { return file.match(/\\.js$/); });\n```\n\nReturns array of all files (however deep) in the given paths.\n\nThe main difference from `ls(\'-R\', path)` is that the resulting file names\ninclude the base directories, e.g. `lib/resources/file1` instead of just `file1`.\n\n\n### cp([options ,] source [,source ...], dest)\n### cp([options ,] source_array, dest)\nAvailable options:\n\n+ `-f`: force\n+ `-r, -R`: recursive\n\nExamples:\n\n```javascript\ncp(\'file1\', \'dir1\');\ncp(\'-Rf\', \'/tmp/*\', \'/usr/local/*\', \'/home/tmp\');\ncp(\'-Rf\', [\'/tmp/*\', \'/usr/local/*\'], \'/home/tmp\'); // same as above\n```\n\nCopies files. The wildcard `*` is accepted.\n\n\n### rm([options ,] file [, file ...])\n### rm([options ,] file_array)\nAvailable options:\n\n+ `-f`: force\n+ `-r, -R`: recursive\n\nExamples:\n\n```javascript\nrm(\'-rf\', \'/tmp/*\');\nrm(\'some_file.txt\', \'another_file.txt\');\nrm([\'some_file.txt\', \'another_file.txt\']); // same as above\n```\n\nRemoves files. The wildcard `*` is accepted.\n\n\n### mv(source [, source ...], dest\')\n### mv(source_array, dest\')\nAvailable options:\n\n+ `f`: force\n\nExamples:\n\n```javascript\nmv(\'-f\', \'file\', \'dir/\');\nmv(\'file1\', \'file2\', \'dir/\');\nmv([\'file1\', \'file2\'], \'dir/\'); // same as above\n```\n\nMoves files. The wildcard `*` is accepted.\n\n\n### mkdir([options ,] dir [, dir ...])\n### mkdir([options ,] dir_array)\nAvailable options:\n\n+ `p`: full path (will create intermediate dirs if necessary)\n\nExamples:\n\n```javascript\nmkdir(\'-p\', \'/tmp/a/b/c/d\', \'/tmp/e/f/g\');\nmkdir(\'-p\', [\'/tmp/a/b/c/d\', \'/tmp/e/f/g\']); // same as above\n```\n\nCreates directories.\n\n\n### test(expression)\nAvailable expression primaries:\n\n+ `\'-b\', \'path\'`: true if path is a block device\n+ `\'-c\', \'path\'`: true if path is a character device\n+ `\'-d\', \'path\'`: true if path is a directory\n+ `\'-e\', \'path\'`: true if path exists\n+ `\'-f\', \'path\'`: true if path is a regular file\n+ `\'-L\', \'path\'`: true if path is a symboilc link\n+ `\'-p\', \'path\'`: true if path is a pipe (FIFO)\n+ `\'-S\', \'path\'`: true if path is a socket\n\nExamples:\n\n```javascript\nif (test(\'-d\', path)) { /* do something with dir */ };\nif (!test(\'-f\', path)) continue; // skip if it\'s a regular file\n```\n\nEvaluates expression using the available primaries and returns corresponding value.\n\n\n### cat(file [, file ...])\n### cat(file_array)\n\nExamples:\n\n```javascript\nvar str = cat(\'file*.txt\');\nvar str = cat(\'file1\', \'file2\');\nvar str = cat([\'file1\', \'file2\']); // same as above\n```\n\nReturns a string containing the given file, or a concatenated string\ncontaining the files if more than one file is given (a new line character is\nintroduced between each file). Wildcard `*` accepted.\n\n\n### \'string\'.to(file)\n\nExamples:\n\n```javascript\ncat(\'input.txt\').to(\'output.txt\');\n```\n\nAnalogous to the redirection operator `>` in Unix, but works with JavaScript strings (such as\nthose returned by `cat`, `grep`, etc). _Like Unix redirections, `to()` will overwrite any existing file!_\n\n\n### \'string\'.toEnd(file)\n\nExamples:\n\n```javascript\ncat(\'input.txt\').toEnd(\'output.txt\');\n```\n\nAnalogous to the redirect-and-append operator `>>` in Unix, but works with JavaScript strings (such as\nthose returned by `cat`, `grep`, etc).\n\n\n### sed([options ,] search_regex, replace_str, file)\nAvailable options:\n\n+ `-i`: Replace contents of \'file\' in-place. _Note that no backups will be created!_\n\nExamples:\n\n```javascript\nsed(\'-i\', \'PROGRAM_VERSION\', \'v0.1.3\', \'source.js\');\nsed(/.*DELETE_THIS_LINE.*\\n/, \'\', \'source.js\');\n```\n\nReads an input string from `file` and performs a JavaScript `replace()` on the input\nusing the given search regex and replacement string. Returns the new string after replacement.\n\n\n### grep([options ,] regex_filter, file [, file ...])\n### grep([options ,] regex_filter, file_array)\nAvailable options:\n\n+ `-v`: Inverse the sense of the regex and print the lines not matching the criteria.\n\nExamples:\n\n```javascript\ngrep(\'-v\', \'GLOBAL_VARIABLE\', \'*.js\');\ngrep(\'GLOBAL_VARIABLE\', \'*.js\');\n```\n\nReads input string from given files and returns a string containing all lines of the\nfile that match the given `regex_filter`. Wildcard `*` accepted.\n\n\n### which(command)\n\nExamples:\n\n```javascript\nvar nodeExec = which(\'node\');\n```\n\nSearches for `command` in the system\'s PATH. On Windows looks for `.exe`, `.cmd`, and `.bat` extensions.\nReturns string containing the absolute path to the command.\n\n\n### echo(string [,string ...])\n\nExamples:\n\n```javascript\necho(\'hello world\');\nvar str = echo(\'hello world\');\n```\n\nPrints string to stdout, and returns string with additional utility methods\nlike `.to()`.\n\n\n### pushd([options,] [dir | \'-N\' | \'+N\'])\n\nAvailable options:\n\n+ `-n`: Suppresses the normal change of directory when adding directories to the stack, so that only the stack is manipulated.\n\nArguments:\n\n+ `dir`: Makes the current working directory be the top of the stack, and then executes the equivalent of `cd dir`.\n+ `+N`: Brings the Nth directory (counting from the left of the list printed by dirs, starting with zero) to the top of the list by rotating the stack.\n+ `-N`: Brings the Nth directory (counting from the right of the list printed by dirs, starting with zero) to the top of the list by rotating the stack.\n\nExamples:\n\n```javascript\n// process.cwd() === \'/usr\'\npushd(\'/etc\'); // Returns /etc /usr\npushd(\'+1\');   // Returns /usr /etc\n```\n\nSave the current directory on the top of the directory stack and then cd to `dir`. With no arguments, pushd exchanges the top two directories. Returns an array of paths in the stack.\n\n### popd([options,] [\'-N\' | \'+N\'])\n\nAvailable options:\n\n+ `-n`: Suppresses the normal change of directory when removing directories from the stack, so that only the stack is manipulated.\n\nArguments:\n\n+ `+N`: Removes the Nth directory (counting from the left of the list printed by dirs), starting with zero.\n+ `-N`: Removes the Nth directory (counting from the right of the list printed by dirs), starting with zero.\n\nExamples:\n\n```javascript\necho(process.cwd()); // \'/usr\'\npushd(\'/etc\');       // \'/etc /usr\'\necho(process.cwd()); // \'/etc\'\npopd();              // \'/usr\'\necho(process.cwd()); // \'/usr\'\n```\n\nWhen no arguments are given, popd removes the top directory from the stack and performs a cd to the new top directory. The elements are numbered from 0 starting at the first directory listed with dirs; i.e., popd is equivalent to popd +0. Returns an array of paths in the stack.\n\n### dirs([options | \'+N\' | \'-N\'])\n\nAvailable options:\n\n+ `-c`: Clears the directory stack by deleting all of the elements.\n\nArguments:\n\n+ `+N`: Displays the Nth directory (counting from the left of the list printed by dirs when invoked without options), starting with zero.\n+ `-N`: Displays the Nth directory (counting from the right of the list printed by dirs when invoked without options), starting with zero.\n\nDisplay the list of currently remembered directories. Returns an array of paths in the stack, or a single path if +N or -N was specified.\n\nSee also: pushd, popd\n\n\n### exit(code)\nExits the current process with the given exit code.\n\n### env[\'VAR_NAME\']\nObject containing environment variables (both getter and setter). Shortcut to process.env.\n\n### exec(command [, options] [, callback])\nAvailable options (all `false` by default):\n\n+ `async`: Asynchronous execution. Defaults to true if a callback is provided.\n+ `silent`: Do not echo program output to console.\n\nExamples:\n\n```javascript\nvar version = exec(\'node --version\', {silent:true}).output;\n\nvar child = exec(\'some_long_running_process\', {async:true});\nchild.stdout.on(\'data\', function(data) {\n  /* ... do something with data ... */\n});\n\nexec(\'some_long_running_process\', function(code, output) {\n  console.log(\'Exit code:\', code);\n  console.log(\'Program output:\', output);\n});\n```\n\nExecutes the given `command` _synchronously_, unless otherwise specified.\nWhen in synchronous mode returns the object `{ code:..., output:... }`, containing the program\'s\n`output` (stdout + stderr)  and its exit `code`. Otherwise returns the child process object, and\nthe `callback` gets the arguments `(code, output)`.\n\n**Note:** For long-lived processes, it\'s best to run `exec()` asynchronously as\nthe current synchronous implementation uses a lot of CPU. This should be getting\nfixed soon.\n\n\n### chmod(octal_mode || octal_string, file)\n### chmod(symbolic_mode, file)\n\nAvailable options:\n\n+ `-v`: output a diagnostic for every file processed\n+ `-c`: like verbose but report only when a change is made\n+ `-R`: change files and directories recursively\n\nExamples:\n\n```javascript\nchmod(755, \'/Users/brandon\');\nchmod(\'755\', \'/Users/brandon\'); // same as above\nchmod(\'u+x\', \'/Users/brandon\');\n```\n\nAlters the permissions of a file or directory by either specifying the\nabsolute permissions in octal form or expressing the changes in symbols.\nThis command tries to mimic the POSIX behavior as much as possible.\nNotable exceptions:\n\n+ In symbolic modes, \'a-r\' and \'-r\' are identical.  No consideration is\n  given to the umask.\n+ There is no "quiet" option since default behavior is to run silent.\n\n\n## Non-Unix commands\n\n\n### tempdir()\n\nExamples:\n\n```javascript\nvar tmp = tempdir(); // "/tmp" for most *nix platforms\n```\n\nSearches and returns string containing a writeable, platform-dependent temporary directory.\nFollows Python\'s [tempfile algorithm](http://docs.python.org/library/tempfile.html#tempfile.tempdir).\n\n\n### error()\nTests if error occurred in the last command. Returns `null` if no error occurred,\notherwise returns string explaining the error\n\n\n## Configuration\n\n\n### config.silent\nExample:\n\n```javascript\nvar silentState = config.silent; // save old silent state\nconfig.silent = true;\n/* ... */\nconfig.silent = silentState; // restore old silent state\n```\n\nSuppresses all command output if `true`, except for `echo()` calls.\nDefault is `false`.\n\n### config.fatal\nExample:\n\n```javascript\nconfig.fatal = true;\ncp(\'this_file_does_not_exist\', \'/dev/null\'); // dies here\n/* more commands... */\n```\n\nIf `true` the script will die on errors. Default is `false`.\n',
84 silly resolved     readmeFilename: 'README.md',
84 silly resolved     bugs: { url: 'https://github.com/arturadib/shelljs/issues' },
84 silly resolved     _id: 'shelljs@0.2.6',
84 silly resolved     _shasum: '90492d72ffcc8159976baba62fb0f6884f0c3378',
84 silly resolved     _from: 'shelljs@~0.2.6',
84 silly resolved     _resolved: 'https://registry.npmjs.org/shelljs/-/shelljs-0.2.6.tgz' } ]
85 info install shelljs@0.2.6 into /Users/KhoaTran/Desktop/restaurant/node_modules/grunt-build-control
86 info installOne shelljs@0.2.6
87 info /Users/KhoaTran/Desktop/restaurant/node_modules/grunt-build-control/node_modules/shelljs unbuild
88 verbose tar unpack /Users/KhoaTran/.npm/shelljs/0.2.6/package.tgz
89 silly lockFile 60dab276-ild-control-node-modules-shelljs tar:///Users/KhoaTran/Desktop/restaurant/node_modules/grunt-build-control/node_modules/shelljs
90 verbose lock tar:///Users/KhoaTran/Desktop/restaurant/node_modules/grunt-build-control/node_modules/shelljs /Users/KhoaTran/.npm/60dab276-ild-control-node-modules-shelljs.lock
91 silly lockFile f6ea8fd4-an-npm-shelljs-0-2-6-package-tgz tar:///Users/KhoaTran/.npm/shelljs/0.2.6/package.tgz
92 verbose lock tar:///Users/KhoaTran/.npm/shelljs/0.2.6/package.tgz /Users/KhoaTran/.npm/f6ea8fd4-an-npm-shelljs-0-2-6-package-tgz.lock
93 silly gunzTarPerm modes [ '755', '644' ]
94 silly gunzTarPerm extractEntry package.json
95 silly gunzTarPerm extractEntry .npmignore
96 silly gunzTarPerm extractEntry README.md
97 silly gunzTarPerm extractEntry LICENSE
98 silly gunzTarPerm extractEntry global.js
99 silly gunzTarPerm extractEntry make.js
100 silly gunzTarPerm extractEntry shell.js
101 silly gunzTarPerm extractEntry bin/shjs
102 silly gunzTarPerm extractEntry .travis.yml
103 silly gunzTarPerm extractEntry .jshintrc
104 silly gunzTarPerm extractEntry scripts/generate-docs.js
105 silly gunzTarPerm extractEntry scripts/run-tests.js
106 silly gunzTarPerm extractEntry .documentup.json
107 silly gunzTarPerm extractEntry src/cat.js
108 silly gunzTarPerm extractEntry src/exec.js
109 silly gunzTarPerm extractEntry src/find.js
110 silly gunzTarPerm extractEntry src/grep.js
111 silly gunzTarPerm extractEntry src/ls.js
112 silly gunzTarPerm extractEntry src/error.js
113 silly gunzTarPerm extractEntry src/mv.js
114 silly gunzTarPerm extractEntry src/popd.js
115 silly gunzTarPerm extractEntry src/pushd.js
116 silly gunzTarPerm extractEntry src/pwd.js
117 silly gunzTarPerm extractEntry src/rm.js
118 silly gunzTarPerm extractEntry src/echo.js
119 silly gunzTarPerm extractEntry src/sed.js
120 silly gunzTarPerm extractEntry src/dirs.js
121 silly gunzTarPerm extractEntry src/tempdir.js
122 silly gunzTarPerm extractEntry src/cp.js
123 silly gunzTarPerm extractEntry src/test.js
124 silly gunzTarPerm extractEntry src/common.js
125 silly gunzTarPerm extractEntry src/to.js
126 silly gunzTarPerm extractEntry src/chmod.js
127 silly gunzTarPerm extractEntry src/toEnd.js
128 silly gunzTarPerm extractEntry src/cd.js
129 silly gunzTarPerm extractEntry src/which.js
130 silly gunzTarPerm extractEntry src/mkdir.js
131 silly lockFile 60dab276-ild-control-node-modules-shelljs tar:///Users/KhoaTran/Desktop/restaurant/node_modules/grunt-build-control/node_modules/shelljs
132 silly lockFile 60dab276-ild-control-node-modules-shelljs tar:///Users/KhoaTran/Desktop/restaurant/node_modules/grunt-build-control/node_modules/shelljs
133 silly lockFile f6ea8fd4-an-npm-shelljs-0-2-6-package-tgz tar:///Users/KhoaTran/.npm/shelljs/0.2.6/package.tgz
134 silly lockFile f6ea8fd4-an-npm-shelljs-0-2-6-package-tgz tar:///Users/KhoaTran/.npm/shelljs/0.2.6/package.tgz
135 info preinstall shelljs@0.2.6
136 verbose readDependencies using package.json deps
137 verbose readDependencies using package.json deps
138 silly resolved []
139 verbose about to build /Users/KhoaTran/Desktop/restaurant/node_modules/grunt-build-control/node_modules/shelljs
140 info build /Users/KhoaTran/Desktop/restaurant/node_modules/grunt-build-control/node_modules/shelljs
141 verbose linkStuff [ false,
141 verbose linkStuff   false,
141 verbose linkStuff   false,
141 verbose linkStuff   '/Users/KhoaTran/Desktop/restaurant/node_modules/grunt-build-control/node_modules' ]
142 info linkStuff shelljs@0.2.6
143 verbose linkBins shelljs@0.2.6
144 verbose link bins [ { shjs: './bin/shjs' },
144 verbose link bins   '/Users/KhoaTran/Desktop/restaurant/node_modules/grunt-build-control/node_modules/.bin',
144 verbose link bins   false ]
145 verbose linkMans shelljs@0.2.6
146 verbose rebuildBundles shelljs@0.2.6
147 info install shelljs@0.2.6
148 info postinstall shelljs@0.2.6
149 verbose about to build /Users/KhoaTran/Desktop/restaurant/node_modules/grunt-build-control
150 info build /Users/KhoaTran/Desktop/restaurant/node_modules/grunt-build-control
151 verbose linkStuff [ false,
151 verbose linkStuff   false,
151 verbose linkStuff   false,
151 verbose linkStuff   '/Users/KhoaTran/Desktop/restaurant/node_modules' ]
152 info linkStuff grunt-build-control@0.1.3
153 verbose linkBins grunt-build-control@0.1.3
154 verbose linkMans grunt-build-control@0.1.3
155 verbose rebuildBundles grunt-build-control@0.1.3
156 verbose rebuildBundles [ '.bin', 'shelljs' ]
157 info install grunt-build-control@0.1.3
158 info postinstall grunt-build-control@0.1.3
159 error peerinvalid The package grunt does not satisfy its siblings' peerDependencies requirements!
159 error peerinvalid Peer grunt-contrib-copy@0.5.0 wants grunt@~0.4.0
159 error peerinvalid Peer grunt-build-control@0.1.3 wants grunt@~0.4.1
159 error peerinvalid Peer grunt-contrib-clean@0.5.0 wants grunt@~0.4.0
159 error peerinvalid Peer grunt-contrib-compass@0.7.2 wants grunt@~0.4.0
159 error peerinvalid Peer grunt-karma@0.8.3 wants grunt@0.4.x
159 error peerinvalid Peer grunt-newer@0.7.0 wants grunt@~0.4.1
159 error peerinvalid Peer grunt-contrib-concat@0.4.0 wants grunt@~0.4.0
159 error peerinvalid Peer grunt-filerev@0.2.1 wants grunt@>=0.4.0
159 error peerinvalid Peer grunt-usemin@2.4.0 wants grunt@>=0.4.0
159 error peerinvalid Peer grunt-concurrent@0.5.0 wants grunt@~0.4.0
159 error peerinvalid Peer grunt-ng-annotate@0.3.0 wants grunt@~0.4.1
159 error peerinvalid Peer grunt-contrib-connect@0.7.1 wants grunt@~0.4.0
159 error peerinvalid Peer grunt-contrib-watch@0.6.1 wants grunt@~0.4.0
159 error peerinvalid Peer grunt-svgmin@0.4.0 wants grunt@~0.4.0
159 error peerinvalid Peer grunt-wiredep@1.8.0 wants grunt@~0.4.0
159 error peerinvalid Peer grunt-autoprefixer@0.7.3 wants grunt@~0.4.2
159 error peerinvalid Peer grunt-contrib-cssmin@0.9.0 wants grunt@~0.4.1
159 error peerinvalid Peer grunt-contrib-htmlmin@0.3.0 wants grunt@~0.4.0
159 error peerinvalid Peer grunt-contrib-jshint@0.10.0 wants grunt@~0.4.0
159 error peerinvalid Peer grunt-contrib-uglify@0.4.0 wants grunt@^0.4.0
159 error peerinvalid Peer grunt-contrib-imagemin@0.8.1 wants grunt@~0.4.0
160 error System Darwin 14.0.0
161 error command "node" "/usr/local/bin/npm" "install" "grunt-build-control" "--save-dev"
162 error cwd /Users/KhoaTran/Desktop/restaurant
163 error node -v v0.10.29
164 error npm -v 1.4.9
165 error code EPEERINVALID
166 verbose exit [ 1, true ]
